android/app/build/intermediates/manifest_merge_blame_file/release/manifest-merger-blame-release-report.txt
1<?xml version="1.0" encoding="utf-8"?>
2<manifest xmlns:android="http://schemas.android.com/apk/res/android"
3    package="com.rudelabs.navami_wishes"
4    android:versionCode="7004"
5    android:versionName="7.0" >
6
7    <uses-sdk
8        android:minSdkVersion="21"
8-->src/main/AndroidManifest.xml
9        android:targetSdkVersion="33" />
9-->src/main/AndroidManifest.xml
10
11    <uses-permission android:name="android.permission.INTERNET" />
11-->src/main/AndroidManifest.xml:4:3-65
11-->src/main/AndroidManifest.xml:4:20-62
12    <uses-permission android:name="android.permission.READ_EXTERNAL_STORAGE" />
12-->src/main/AndroidManifest.xml:5:3-78
12-->src/main/AndroidManifest.xml:5:20-75
13    <uses-permission android:name="android.permission.WRITE_EXTERNAL_STORAGE" />
13-->src/main/AndroidManifest.xml:6:3-79
13-->src/main/AndroidManifest.xml:6:20-76
14
15    <queries>
15-->src/main/AndroidManifest.xml:7:3-9:13
16        <package android:name="com.whatsapp" />
16-->src/main/AndroidManifest.xml:8:5-44
16-->src/main/AndroidManifest.xml:8:14-41
17        <!-- For browser content -->
18        <intent>
18-->[com.google.android.gms:play-services-ads-lite:21.4.0] AndroidManifest.xml:32:9-38:18
19            <action android:name="android.intent.action.VIEW" />
19-->[com.google.android.gms:play-services-ads-lite:21.4.0] AndroidManifest.xml:33:13-65
19-->[com.google.android.gms:play-services-ads-lite:21.4.0] AndroidManifest.xml:33:21-62
20
21            <category android:name="android.intent.category.BROWSABLE" />
21-->[com.google.android.gms:play-services-ads-lite:21.4.0] AndroidManifest.xml:35:13-74
21-->[com.google.android.gms:play-services-ads-lite:21.4.0] AndroidManifest.xml:35:23-71
22
23            <data android:scheme="https" />
23-->[com.google.android.gms:play-services-ads-lite:21.4.0] AndroidManifest.xml:37:13-44
23-->[com.google.android.gms:play-services-ads-lite:21.4.0] AndroidManifest.xml:37:19-41
24        </intent> <!-- End of browser content -->
25        <!-- For CustomTabsService -->
26        <intent>
26-->[com.google.android.gms:play-services-ads-lite:21.4.0] AndroidManifest.xml:41:9-43:18
27            <action android:name="android.support.customtabs.action.CustomTabsService" />
27-->[com.google.android.gms:play-services-ads-lite:21.4.0] AndroidManifest.xml:42:13-90
27-->[com.google.android.gms:play-services-ads-lite:21.4.0] AndroidManifest.xml:42:21-87
28        </intent>
29    </queries>
30
31    <uses-permission android:name="android.permission.WAKE_LOCK" />
31-->[:react-native-google-mobile-ads] AndroidManifest.xml:10:5-68
31-->[:react-native-google-mobile-ads] AndroidManifest.xml:10:22-65
32    <uses-permission android:name="android.permission.ACCESS_NETWORK_STATE" />
32-->[:react-native-google-mobile-ads] AndroidManifest.xml:11:5-79
32-->[:react-native-google-mobile-ads] AndroidManifest.xml:11:22-76
33    <uses-permission android:name="com.google.android.gms.permission.AD_ID" />
33-->[com.google.android.gms:play-services-ads-lite:21.4.0] AndroidManifest.xml:26:5-79
33-->[com.google.android.gms:play-services-ads-lite:21.4.0] AndroidManifest.xml:26:22-76
34    <uses-permission android:name="android.permission.RECEIVE_BOOT_COMPLETED" />
34-->[androidx.work:work-runtime:2.7.0] AndroidManifest.xml:27:5-81
34-->[androidx.work:work-runtime:2.7.0] AndroidManifest.xml:27:22-78
35    <uses-permission android:name="android.permission.FOREGROUND_SERVICE" />
35-->[androidx.work:work-runtime:2.7.0] AndroidManifest.xml:28:5-77
35-->[androidx.work:work-runtime:2.7.0] AndroidManifest.xml:28:22-74
36
37    <application
37-->src/main/AndroidManifest.xml:10:3-30:17
38        android:name="com.rudelabs.navami_wishes.MainApplication"
38-->src/main/AndroidManifest.xml:11:5-36
39        android:allowBackup="false"
39-->src/main/AndroidManifest.xml:15:5-32
40        android:appComponentFactory="androidx.core.app.CoreComponentFactory"
40-->[androidx.core:core:1.7.0] AndroidManifest.xml:24:18-86
41        android:icon="@mipmap/ic_launcher"
41-->src/main/AndroidManifest.xml:13:5-39
42        android:label="@string/app_name"
42-->src/main/AndroidManifest.xml:12:5-37
43        android:roundIcon="@mipmap/ic_launcher_round"
43-->src/main/AndroidManifest.xml:14:5-50
44        android:theme="@style/AppTheme" >
44-->src/main/AndroidManifest.xml:16:5-36
45        <activity
45-->src/main/AndroidManifest.xml:18:5-29:16
46            android:name="com.rudelabs.navami_wishes.MainActivity"
46-->src/main/AndroidManifest.xml:19:7-35
47            android:configChanges="keyboard|keyboardHidden|orientation|screenLayout|screenSize|smallestScreenSize|uiMode"
47-->src/main/AndroidManifest.xml:21:7-116
48            android:exported="true"
48-->src/main/AndroidManifest.xml:24:7-30
49            android:label="@string/app_name"
49-->src/main/AndroidManifest.xml:20:7-39
50            android:launchMode="singleTask"
50-->src/main/AndroidManifest.xml:22:7-38
51            android:windowSoftInputMode="adjustResize" >
51-->src/main/AndroidManifest.xml:23:7-49
52            <intent-filter>
52-->src/main/AndroidManifest.xml:25:7-28:23
53                <action android:name="android.intent.action.MAIN" />
53-->src/main/AndroidManifest.xml:26:9-61
53-->src/main/AndroidManifest.xml:26:17-58
54
55                <category android:name="android.intent.category.LAUNCHER" />
55-->src/main/AndroidManifest.xml:27:9-69
55-->src/main/AndroidManifest.xml:27:19-66
56            </intent-filter>
57        </activity>
58
59        <provider
59-->[:react-native-whatsapp-stickers] AndroidManifest.xml:10:9-15:66
60            android:name="com.jobeso.RNWhatsAppStickers.StickerContentProvider"
60-->[:react-native-whatsapp-stickers] AndroidManifest.xml:11:13-80
61            android:authorities="com.rudelabs.navami_wishes.stickercontentprovider"
61-->[:react-native-whatsapp-stickers] AndroidManifest.xml:12:13-74
62            android:enabled="true"
62-->[:react-native-whatsapp-stickers] AndroidManifest.xml:13:13-35
63            android:exported="true"
63-->[:react-native-whatsapp-stickers] AndroidManifest.xml:14:13-36
64            android:readPermission="com.whatsapp.sticker.READ" />
64-->[:react-native-whatsapp-stickers] AndroidManifest.xml:15:13-63
65
66        <meta-data
66-->[:react-native-google-mobile-ads] AndroidManifest.xml:14:9-16:70
67            android:name="com.google.android.gms.ads.APPLICATION_ID"
67-->[:react-native-google-mobile-ads] AndroidManifest.xml:15:13-69
68            android:value="ca-app-pub-4717579333914549~4051354052" />
68-->[:react-native-google-mobile-ads] AndroidManifest.xml:16:13-67
69        <meta-data
69-->[:react-native-google-mobile-ads] AndroidManifest.xml:17:9-19:37
70            android:name="com.google.android.gms.ads.DELAY_APP_MEASUREMENT_INIT"
70-->[:react-native-google-mobile-ads] AndroidManifest.xml:18:13-81
71            android:value="false" />
71-->[:react-native-google-mobile-ads] AndroidManifest.xml:19:13-34
72        <meta-data
72-->[:react-native-google-mobile-ads] AndroidManifest.xml:20:9-22:36
73            android:name="com.google.android.gms.ads.flag.OPTIMIZE_INITIALIZATION"
73-->[:react-native-google-mobile-ads] AndroidManifest.xml:21:13-83
74            android:value="true" />
74-->[:react-native-google-mobile-ads] AndroidManifest.xml:22:13-33
75        <meta-data
75-->[:react-native-google-mobile-ads] AndroidManifest.xml:23:9-25:36
76            android:name="com.google.android.gms.ads.flag.OPTIMIZE_AD_LOADING"
76-->[:react-native-google-mobile-ads] AndroidManifest.xml:24:13-79
77            android:value="true" />
77-->[:react-native-google-mobile-ads] AndroidManifest.xml:25:13-33
78
79        <provider
79-->[:react-native-share] AndroidManifest.xml:10:9-18:20
80            android:name="cl.json.RNShareFileProvider"
80-->[:react-native-share] AndroidManifest.xml:11:13-55
81            android:authorities="com.rudelabs.navami_wishes.rnshare.fileprovider"
81-->[:react-native-share] AndroidManifest.xml:12:13-72
82            android:exported="false"
82-->[:react-native-share] AndroidManifest.xml:13:13-37
83            android:grantUriPermissions="true" >
83-->[:react-native-share] AndroidManifest.xml:14:13-47
84            <meta-data
84-->[:react-native-share] AndroidManifest.xml:15:13-17:64
85                android:name="android.support.FILE_PROVIDER_PATHS"
85-->[:react-native-share] AndroidManifest.xml:16:17-67
86                android:resource="@xml/share_download_paths" />
86-->[:react-native-share] AndroidManifest.xml:17:17-61
87        </provider> <!-- Include the AdActivity and InAppPurchaseActivity configChanges and themes. -->
88        <activity
88-->[com.google.android.gms:play-services-ads-lite:21.4.0] AndroidManifest.xml:50:9-55:43
89            android:name="com.google.android.gms.ads.AdActivity"
89-->[com.google.android.gms:play-services-ads-lite:21.4.0] AndroidManifest.xml:51:13-65
90            android:configChanges="keyboard|keyboardHidden|orientation|screenLayout|uiMode|screenSize|smallestScreenSize"
90-->[com.google.android.gms:play-services-ads-lite:21.4.0] AndroidManifest.xml:52:13-122
91            android:exported="false"
91-->[com.google.android.gms:play-services-ads-lite:21.4.0] AndroidManifest.xml:53:13-37
92            android:theme="@android:style/Theme.Translucent" />
92-->[com.google.android.gms:play-services-ads-lite:21.4.0] AndroidManifest.xml:54:13-61
93
94        <provider
94-->[com.google.android.gms:play-services-ads-lite:21.4.0] AndroidManifest.xml:57:9-62:43
95            android:name="com.google.android.gms.ads.MobileAdsInitProvider"
95-->[com.google.android.gms:play-services-ads-lite:21.4.0] AndroidManifest.xml:58:13-76
96            android:authorities="com.rudelabs.navami_wishes.mobileadsinitprovider"
96-->[com.google.android.gms:play-services-ads-lite:21.4.0] AndroidManifest.xml:59:13-73
97            android:exported="false"
97-->[com.google.android.gms:play-services-ads-lite:21.4.0] AndroidManifest.xml:60:13-37
98            android:initOrder="100" />
98-->[com.google.android.gms:play-services-ads-lite:21.4.0] AndroidManifest.xml:61:13-36
99
100        <service
100-->[com.google.android.gms:play-services-ads-lite:21.4.0] AndroidManifest.xml:64:9-68:43
101            android:name="com.google.android.gms.ads.AdService"
101-->[com.google.android.gms:play-services-ads-lite:21.4.0] AndroidManifest.xml:65:13-64
102            android:enabled="true"
102-->[com.google.android.gms:play-services-ads-lite:21.4.0] AndroidManifest.xml:66:13-35
103            android:exported="false" />
103-->[com.google.android.gms:play-services-ads-lite:21.4.0] AndroidManifest.xml:67:13-37
104
105        <activity
105-->[com.google.android.gms:play-services-ads-lite:21.4.0] AndroidManifest.xml:70:9-74:43
106            android:name="com.google.android.gms.ads.OutOfContextTestingActivity"
106-->[com.google.android.gms:play-services-ads-lite:21.4.0] AndroidManifest.xml:71:13-82
107            android:configChanges="keyboard|keyboardHidden|orientation|screenLayout|uiMode|screenSize|smallestScreenSize"
107-->[com.google.android.gms:play-services-ads-lite:21.4.0] AndroidManifest.xml:72:13-122
108            android:exported="false" />
108-->[com.google.android.gms:play-services-ads-lite:21.4.0] AndroidManifest.xml:73:13-37
109        <activity
109-->[com.google.android.gms:play-services-base:18.0.0] AndroidManifest.xml:20:9-22:45
110            android:name="com.google.android.gms.common.api.GoogleApiActivity"
110-->[com.google.android.gms:play-services-base:18.0.0] AndroidManifest.xml:20:19-85
111            android:exported="false"
111-->[com.google.android.gms:play-services-base:18.0.0] AndroidManifest.xml:22:19-43
112            android:theme="@android:style/Theme.Translucent.NoTitleBar" />
112-->[com.google.android.gms:play-services-base:18.0.0] AndroidManifest.xml:21:19-78
113
114        <meta-data
114-->[com.google.android.gms:play-services-basement:18.0.0] AndroidManifest.xml:21:9-23:69
115            android:name="com.google.android.gms.version"
115-->[com.google.android.gms:play-services-basement:18.0.0] AndroidManifest.xml:22:13-58
116            android:value="@integer/google_play_services_version" />
116-->[com.google.android.gms:play-services-basement:18.0.0] AndroidManifest.xml:23:13-66
117
118        <provider
118-->[androidx.emoji2:emoji2:1.0.0] AndroidManifest.xml:26:9-34:20
119            android:name="androidx.startup.InitializationProvider"
119-->[androidx.emoji2:emoji2:1.0.0] AndroidManifest.xml:27:13-67
120            android:authorities="com.rudelabs.navami_wishes.androidx-startup"
120-->[androidx.emoji2:emoji2:1.0.0] AndroidManifest.xml:28:13-68
121            android:exported="false" >
121-->[androidx.emoji2:emoji2:1.0.0] AndroidManifest.xml:29:13-37
122            <meta-data
122-->[androidx.emoji2:emoji2:1.0.0] AndroidManifest.xml:31:13-33:52
123                android:name="androidx.emoji2.text.EmojiCompatInitializer"
123-->[androidx.emoji2:emoji2:1.0.0] AndroidManifest.xml:32:17-75
124                android:value="androidx.startup" />
124-->[androidx.emoji2:emoji2:1.0.0] AndroidManifest.xml:33:17-49
125            <meta-data
125-->[androidx.work:work-runtime:2.7.0] AndroidManifest.xml:36:13-38:52
126                android:name="androidx.work.WorkManagerInitializer"
126-->[androidx.work:work-runtime:2.7.0] AndroidManifest.xml:37:17-68
127                android:value="androidx.startup" />
127-->[androidx.work:work-runtime:2.7.0] AndroidManifest.xml:38:17-49
128            <meta-data
128-->[androidx.lifecycle:lifecycle-process:2.4.0] AndroidManifest.xml:31:13-33:52
129                android:name="androidx.lifecycle.ProcessLifecycleInitializer"
129-->[androidx.lifecycle:lifecycle-process:2.4.0] AndroidManifest.xml:32:17-78
130                android:value="androidx.startup" />
130-->[androidx.lifecycle:lifecycle-process:2.4.0] AndroidManifest.xml:33:17-49
131        </provider>
132
133        <service
133-->[androidx.work:work-runtime:2.7.0] AndroidManifest.xml:41:9-46:35
134            android:name="androidx.work.impl.background.systemalarm.SystemAlarmService"
134-->[androidx.work:work-runtime:2.7.0] AndroidManifest.xml:42:13-88
135            android:directBootAware="false"
135-->[androidx.work:work-runtime:2.7.0] AndroidManifest.xml:43:13-44
136            android:enabled="@bool/enable_system_alarm_service_default"
136-->[androidx.work:work-runtime:2.7.0] AndroidManifest.xml:44:13-72
137            android:exported="false" />
137-->[androidx.work:work-runtime:2.7.0] AndroidManifest.xml:45:13-37
138        <service
138-->[androidx.work:work-runtime:2.7.0] AndroidManifest.xml:47:9-53:35
139            android:name="androidx.work.impl.background.systemjob.SystemJobService"
139-->[androidx.work:work-runtime:2.7.0] AndroidManifest.xml:48:13-84
140            android:directBootAware="false"
140-->[androidx.work:work-runtime:2.7.0] AndroidManifest.xml:49:13-44
141            android:enabled="@bool/enable_system_job_service_default"
141-->[androidx.work:work-runtime:2.7.0] AndroidManifest.xml:50:13-70
142            android:exported="true"
142-->[androidx.work:work-runtime:2.7.0] AndroidManifest.xml:51:13-36
143            android:permission="android.permission.BIND_JOB_SERVICE" />
143-->[androidx.work:work-runtime:2.7.0] AndroidManifest.xml:52:13-69
144        <service
144-->[androidx.work:work-runtime:2.7.0] AndroidManifest.xml:54:9-59:35
145            android:name="androidx.work.impl.foreground.SystemForegroundService"
145-->[androidx.work:work-runtime:2.7.0] AndroidManifest.xml:55:13-81
146            android:directBootAware="false"
146-->[androidx.work:work-runtime:2.7.0] AndroidManifest.xml:56:13-44
147            android:enabled="@bool/enable_system_foreground_service_default"
147-->[androidx.work:work-runtime:2.7.0] AndroidManifest.xml:57:13-77
148            android:exported="false" />
148-->[androidx.work:work-runtime:2.7.0] AndroidManifest.xml:58:13-37
149
150        <receiver
150-->[androidx.work:work-runtime:2.7.0] AndroidManifest.xml:61:9-66:35
151            android:name="androidx.work.impl.utils.ForceStopRunnable$BroadcastReceiver"
151-->[androidx.work:work-runtime:2.7.0] AndroidManifest.xml:62:13-88
152            android:directBootAware="false"
152-->[androidx.work:work-runtime:2.7.0] AndroidManifest.xml:63:13-44
153            android:enabled="true"
153-->[androidx.work:work-runtime:2.7.0] AndroidManifest.xml:64:13-35
154            android:exported="false" />
154-->[androidx.work:work-runtime:2.7.0] AndroidManifest.xml:65:13-37
155        <receiver
155-->[androidx.work:work-runtime:2.7.0] AndroidManifest.xml:67:9-77:20
156            android:name="androidx.work.impl.background.systemalarm.ConstraintProxy$BatteryChargingProxy"
156-->[androidx.work:work-runtime:2.7.0] AndroidManifest.xml:68:13-106
157            android:directBootAware="false"
157-->[androidx.work:work-runtime:2.7.0] AndroidManifest.xml:69:13-44
158            android:enabled="false"
158-->[androidx.work:work-runtime:2.7.0] AndroidManifest.xml:70:13-36
159            android:exported="false" >
159-->[androidx.work:work-runtime:2.7.0] AndroidManifest.xml:71:13-37
160            <intent-filter>
160-->[androidx.work:work-runtime:2.7.0] AndroidManifest.xml:73:13-76:29
161                <action android:name="android.intent.action.ACTION_POWER_CONNECTED" />
161-->[androidx.work:work-runtime:2.7.0] AndroidManifest.xml:74:17-87
161-->[androidx.work:work-runtime:2.7.0] AndroidManifest.xml:74:25-84
162                <action android:name="android.intent.action.ACTION_POWER_DISCONNECTED" />
162-->[androidx.work:work-runtime:2.7.0] AndroidManifest.xml:75:17-90
162-->[androidx.work:work-runtime:2.7.0] AndroidManifest.xml:75:25-87
163            </intent-filter>
164        </receiver>
165        <receiver
165-->[androidx.work:work-runtime:2.7.0] AndroidManifest.xml:78:9-88:20
166            android:name="androidx.work.impl.background.systemalarm.ConstraintProxy$BatteryNotLowProxy"
166-->[androidx.work:work-runtime:2.7.0] AndroidManifest.xml:79:13-104
167            android:directBootAware="false"
167-->[androidx.work:work-runtime:2.7.0] AndroidManifest.xml:80:13-44
168            android:enabled="false"
168-->[androidx.work:work-runtime:2.7.0] AndroidManifest.xml:81:13-36
169            android:exported="false" >
169-->[androidx.work:work-runtime:2.7.0] AndroidManifest.xml:82:13-37
170            <intent-filter>
170-->[androidx.work:work-runtime:2.7.0] AndroidManifest.xml:84:13-87:29
171                <action android:name="android.intent.action.BATTERY_OKAY" />
171-->[androidx.work:work-runtime:2.7.0] AndroidManifest.xml:85:17-77
171-->[androidx.work:work-runtime:2.7.0] AndroidManifest.xml:85:25-74
172                <action android:name="android.intent.action.BATTERY_LOW" />
172-->[androidx.work:work-runtime:2.7.0] AndroidManifest.xml:86:17-76
172-->[androidx.work:work-runtime:2.7.0] AndroidManifest.xml:86:25-73
173            </intent-filter>
174        </receiver>
175        <receiver
175-->[androidx.work:work-runtime:2.7.0] AndroidManifest.xml:89:9-99:20
176            android:name="androidx.work.impl.background.systemalarm.ConstraintProxy$StorageNotLowProxy"
176-->[androidx.work:work-runtime:2.7.0] AndroidManifest.xml:90:13-104
177            android:directBootAware="false"
177-->[androidx.work:work-runtime:2.7.0] AndroidManifest.xml:91:13-44
178            android:enabled="false"
178-->[androidx.work:work-runtime:2.7.0] AndroidManifest.xml:92:13-36
179            android:exported="false" >
179-->[androidx.work:work-runtime:2.7.0] AndroidManifest.xml:93:13-37
180            <intent-filter>
180-->[androidx.work:work-runtime:2.7.0] AndroidManifest.xml:95:13-98:29
181                <action android:name="android.intent.action.DEVICE_STORAGE_LOW" />
181-->[androidx.work:work-runtime:2.7.0] AndroidManifest.xml:96:17-83
181-->[androidx.work:work-runtime:2.7.0] AndroidManifest.xml:96:25-80
182                <action android:name="android.intent.action.DEVICE_STORAGE_OK" />
182-->[androidx.work:work-runtime:2.7.0] AndroidManifest.xml:97:17-82
182-->[androidx.work:work-runtime:2.7.0] AndroidManifest.xml:97:25-79
183            </intent-filter>
184        </receiver>
185        <receiver
185-->[androidx.work:work-runtime:2.7.0] AndroidManifest.xml:100:9-109:20
186            android:name="androidx.work.impl.background.systemalarm.ConstraintProxy$NetworkStateProxy"
186-->[androidx.work:work-runtime:2.7.0] AndroidManifest.xml:101:13-103
187            android:directBootAware="false"
187-->[androidx.work:work-runtime:2.7.0] AndroidManifest.xml:102:13-44
188            android:enabled="false"
188-->[androidx.work:work-runtime:2.7.0] AndroidManifest.xml:103:13-36
189            android:exported="false" >
189-->[androidx.work:work-runtime:2.7.0] AndroidManifest.xml:104:13-37
190            <intent-filter>
190-->[androidx.work:work-runtime:2.7.0] AndroidManifest.xml:106:13-108:29
191                <action android:name="android.net.conn.CONNECTIVITY_CHANGE" />
191-->[androidx.work:work-runtime:2.7.0] AndroidManifest.xml:107:17-79
191-->[androidx.work:work-runtime:2.7.0] AndroidManifest.xml:107:25-76
192            </intent-filter>
193        </receiver>
194        <receiver
194-->[androidx.work:work-runtime:2.7.0] AndroidManifest.xml:110:9-121:20
195            android:name="androidx.work.impl.background.systemalarm.RescheduleReceiver"
195-->[androidx.work:work-runtime:2.7.0] AndroidManifest.xml:111:13-88
196            android:directBootAware="false"
196-->[androidx.work:work-runtime:2.7.0] AndroidManifest.xml:112:13-44
197            android:enabled="false"
197-->[androidx.work:work-runtime:2.7.0] AndroidManifest.xml:113:13-36
198            android:exported="false" >
198-->[androidx.work:work-runtime:2.7.0] AndroidManifest.xml:114:13-37
199            <intent-filter>
199-->[androidx.work:work-runtime:2.7.0] AndroidManifest.xml:116:13-120:29
200                <action android:name="android.intent.action.BOOT_COMPLETED" />
200-->[androidx.work:work-runtime:2.7.0] AndroidManifest.xml:117:17-79
200-->[androidx.work:work-runtime:2.7.0] AndroidManifest.xml:117:25-76
201                <action android:name="android.intent.action.TIME_SET" />
201-->[androidx.work:work-runtime:2.7.0] AndroidManifest.xml:118:17-73
201-->[androidx.work:work-runtime:2.7.0] AndroidManifest.xml:118:25-70
202                <action android:name="android.intent.action.TIMEZONE_CHANGED" />
202-->[androidx.work:work-runtime:2.7.0] AndroidManifest.xml:119:17-81
202-->[androidx.work:work-runtime:2.7.0] AndroidManifest.xml:119:25-78
203            </intent-filter>
204        </receiver>
205        <receiver
205-->[androidx.work:work-runtime:2.7.0] AndroidManifest.xml:122:9-131:20
206            android:name="androidx.work.impl.background.systemalarm.ConstraintProxyUpdateReceiver"
206-->[androidx.work:work-runtime:2.7.0] AndroidManifest.xml:123:13-99
207            android:directBootAware="false"
207-->[androidx.work:work-runtime:2.7.0] AndroidManifest.xml:124:13-44
208            android:enabled="@bool/enable_system_alarm_service_default"
208-->[androidx.work:work-runtime:2.7.0] AndroidManifest.xml:125:13-72
209            android:exported="false" >
209-->[androidx.work:work-runtime:2.7.0] AndroidManifest.xml:126:13-37
210            <intent-filter>
210-->[androidx.work:work-runtime:2.7.0] AndroidManifest.xml:128:13-130:29
211                <action android:name="androidx.work.impl.background.systemalarm.UpdateProxies" />
211-->[androidx.work:work-runtime:2.7.0] AndroidManifest.xml:129:17-98
211-->[androidx.work:work-runtime:2.7.0] AndroidManifest.xml:129:25-95
212            </intent-filter>
213        </receiver>
214        <receiver
214-->[androidx.work:work-runtime:2.7.0] AndroidManifest.xml:132:9-142:20
215            android:name="androidx.work.impl.diagnostics.DiagnosticsReceiver"
215-->[androidx.work:work-runtime:2.7.0] AndroidManifest.xml:133:13-78
216            android:directBootAware="false"
216-->[androidx.work:work-runtime:2.7.0] AndroidManifest.xml:134:13-44
217            android:enabled="true"
217-->[androidx.work:work-runtime:2.7.0] AndroidManifest.xml:135:13-35
218            android:exported="true"
218-->[androidx.work:work-runtime:2.7.0] AndroidManifest.xml:136:13-36
219            android:permission="android.permission.DUMP" >
219-->[androidx.work:work-runtime:2.7.0] AndroidManifest.xml:137:13-57
220            <intent-filter>
220-->[androidx.work:work-runtime:2.7.0] AndroidManifest.xml:139:13-141:29
221                <action android:name="androidx.work.diagnostics.REQUEST_DIAGNOSTICS" />
221-->[androidx.work:work-runtime:2.7.0] AndroidManifest.xml:140:17-88
221-->[androidx.work:work-runtime:2.7.0] AndroidManifest.xml:140:25-85
222            </intent-filter>
223        </receiver>
224
225        <service
225-->[androidx.room:room-runtime:2.2.5] AndroidManifest.xml:25:9-28:40
226            android:name="androidx.room.MultiInstanceInvalidationService"
226-->[androidx.room:room-runtime:2.2.5] AndroidManifest.xml:26:13-74
227            android:directBootAware="true"
227-->[androidx.room:room-runtime:2.2.5] AndroidManifest.xml:27:13-43
228            android:exported="false" />
228-->[androidx.room:room-runtime:2.2.5] AndroidManifest.xml:28:13-37
229    </application>
230
231</manifest>